{
  "stats": {
    "suites": 1,
    "tests": 2,
    "passes": 2,
    "pending": 0,
    "failures": 0,
    "start": "2024-07-13T07:33:52.464Z",
    "end": "2024-07-13T07:33:55.390Z",
    "duration": 2926,
    "testsRegistered": 2,
    "passPercent": 100,
    "pendingPercent": 0,
    "other": 0,
    "hasOther": false,
    "skipped": 0,
    "hasSkipped": false
  },
  "results": [
    {
      "uuid": "a0a97a3c-2d93-4667-8d28-90d9b6e87580",
      "title": "",
      "fullFile": "cypress\\e2e\\loginPage.cy.js",
      "file": "cypress\\e2e\\loginPage.cy.js",
      "beforeHooks": [],
      "afterHooks": [],
      "tests": [],
      "suites": [
        {
          "uuid": "3b9b6a68-7f4b-4cb1-ae2e-631508e4366b",
          "title": "Automation demo",
          "fullFile": "",
          "file": "",
          "beforeHooks": [],
          "afterHooks": [],
          "tests": [
            {
              "title": "Login test scenario",
              "fullTitle": "Automation demo Login test scenario",
              "timedOut": null,
              "duration": 1575,
              "state": "passed",
              "speed": "fast",
              "pass": true,
              "fail": false,
              "pending": false,
              "context": "{\n  \"title\": \"cypress-mochawesome-reporter-videos-passed\",\n  \"value\": \"cypress\\\\e2e\\\\loginPage.cy.js\"\n}",
              "code": "cy.visit(\"https://www.saucedemo.com/\");",
              "err": {},
              "uuid": "9da4fde8-31ec-48a1-a535-8aba44be8566",
              "parentUUID": "3b9b6a68-7f4b-4cb1-ae2e-631508e4366b",
              "isHook": false,
              "skipped": false
            },
            {
              "title": "validate features",
              "fullTitle": "Automation demo validate features",
              "timedOut": null,
              "duration": 1234,
              "state": "passed",
              "speed": "fast",
              "pass": true,
              "fail": false,
              "pending": false,
              "context": "{\n  \"title\": \"cypress-mochawesome-reporter-videos-passed\",\n  \"value\": \"cypress\\\\e2e\\\\loginPage.cy.js\"\n}",
              "code": "cy.get(\"div[class='login_logo']\").should('have.text', 'Swag Labs');\n/* ==== Generated with Cypress Studio ==== */\ncy.get('[data-test=\"username\"]').clear('s');\ncy.get('[data-test=\"username\"]').type('standard_user');\ncy.get('[data-test=\"username\"]').should('have.value', 'standard_user');\ncy.get('[data-test=\"password\"]').clear('s');\ncy.get('[data-test=\"password\"]').type('secret_sauce');\ncy.get('[data-test=\"password\"]').should('have.value', 'secret_sauce');\ncy.get('[data-test=\"login-button\"]').should('be.visible');\ncy.get('[data-test=\"login-credentials\"] > h4').should('have.text', 'Accepted usernames are:');\ncy.get('[data-test=\"login-password\"] > h4').should('have.text', 'Password for all users:');\ncy.get('[data-test=\"login-button\"]').click();\n/* ==== End Cypress Studio ==== */",
              "err": {},
              "uuid": "8b4e241f-9488-4a26-901b-6dc92e5c0083",
              "parentUUID": "3b9b6a68-7f4b-4cb1-ae2e-631508e4366b",
              "isHook": false,
              "skipped": false
            }
          ],
          "suites": [],
          "passes": [
            "9da4fde8-31ec-48a1-a535-8aba44be8566",
            "8b4e241f-9488-4a26-901b-6dc92e5c0083"
          ],
          "failures": [],
          "pending": [],
          "skipped": [],
          "duration": 2809,
          "root": false,
          "rootEmpty": false,
          "_timeout": 2000
        }
      ],
      "passes": [],
      "failures": [],
      "pending": [],
      "skipped": [],
      "duration": 0,
      "root": true,
      "rootEmpty": true,
      "_timeout": 2000
    }
  ],
  "meta": {
    "mocha": {
      "version": "7.0.1"
    },
    "mochawesome": {
      "options": {
        "quiet": false,
        "reportFilename": "mochawesome",
        "saveHtml": false,
        "saveJson": true,
        "consoleReporter": "spec",
        "useInlineDiffs": false,
        "code": true
      },
      "version": "7.1.3"
    },
    "marge": {
      "options": {
        "charts": true,
        "reportPageTitle": "Cypress-Learn-Mochawesome-Report",
        "reportsDir": "cypress/reports/",
        "embeddedScreenshots": true,
        "inlineAssets": true,
        "saveAllAttempts": false,
        "overwrite": false,
        "html": false,
        "json": true,
        "reportDir": "cypress\\reports\\html\\.jsons"
      },
      "version": "6.2.0"
    }
  }
}