{
  "stats": {
    "suites": 1,
    "tests": 2,
    "passes": 2,
    "pending": 0,
    "failures": 0,
    "start": "2024-07-13T07:29:43.272Z",
    "end": "2024-07-13T07:29:46.260Z",
    "duration": 2988,
    "testsRegistered": 2,
    "passPercent": 100,
    "pendingPercent": 0,
    "other": 0,
    "hasOther": false,
    "skipped": 0,
    "hasSkipped": false
  },
  "results": [
    {
      "uuid": "455f4d40-7c5f-4d76-94f0-8bc914196641",
      "title": "",
      "fullFile": "cypress\\e2e\\loginPage.cy.js",
      "file": "cypress\\e2e\\loginPage.cy.js",
      "beforeHooks": [],
      "afterHooks": [],
      "tests": [],
      "suites": [
        {
          "uuid": "71a22999-17a1-4b43-a230-8d08113b1d98",
          "title": "Automation demo",
          "fullFile": "",
          "file": "",
          "beforeHooks": [],
          "afterHooks": [],
          "tests": [
            {
              "title": "Login test scenario",
              "fullTitle": "Automation demo Login test scenario",
              "timedOut": null,
              "duration": 1615,
              "state": "passed",
              "speed": "fast",
              "pass": true,
              "fail": false,
              "pending": false,
              "context": "{\n  \"title\": \"cypress-mochawesome-reporter-videos-passed\",\n  \"value\": \"cypress\\\\e2e\\\\loginPage.cy.js\"\n}",
              "code": "cy.visit(\"https://www.saucedemo.com/\");",
              "err": {},
              "uuid": "6aa1eb5c-56a7-486a-8e3d-c12f69bc89a1",
              "parentUUID": "71a22999-17a1-4b43-a230-8d08113b1d98",
              "isHook": false,
              "skipped": false
            },
            {
              "title": "validate features",
              "fullTitle": "Automation demo validate features",
              "timedOut": null,
              "duration": 1210,
              "state": "passed",
              "speed": "fast",
              "pass": true,
              "fail": false,
              "pending": false,
              "context": "{\n  \"title\": \"cypress-mochawesome-reporter-videos-passed\",\n  \"value\": \"cypress\\\\e2e\\\\loginPage.cy.js\"\n}",
              "code": "cy.get(\"div[class='login_logo']\").should('have.text', 'Swag Labs');\n/* ==== Generated with Cypress Studio ==== */\ncy.get('[data-test=\"username\"]').clear('s');\ncy.get('[data-test=\"username\"]').type('standard_user');\ncy.get('[data-test=\"username\"]').should('have.value', 'standard_user');\ncy.get('[data-test=\"password\"]').clear('s');\ncy.get('[data-test=\"password\"]').type('secret_sauce');\ncy.get('[data-test=\"password\"]').should('have.value', 'secret_sauce');\ncy.get('[data-test=\"login-button\"]').should('be.visible');\ncy.get('[data-test=\"login-credentials\"] > h4').should('have.text', 'Accepted usernames are:');\ncy.get('[data-test=\"login-password\"] > h4').should('have.text', 'Password for all users:');\ncy.get('[data-test=\"login-button\"]').click();\n/* ==== End Cypress Studio ==== */",
              "err": {},
              "uuid": "fae0ebe3-a496-4a3d-9c84-1f8e069d3e0b",
              "parentUUID": "71a22999-17a1-4b43-a230-8d08113b1d98",
              "isHook": false,
              "skipped": false
            }
          ],
          "suites": [],
          "passes": [
            "6aa1eb5c-56a7-486a-8e3d-c12f69bc89a1",
            "fae0ebe3-a496-4a3d-9c84-1f8e069d3e0b"
          ],
          "failures": [],
          "pending": [],
          "skipped": [],
          "duration": 2825,
          "root": false,
          "rootEmpty": false,
          "_timeout": 2000
        }
      ],
      "passes": [],
      "failures": [],
      "pending": [],
      "skipped": [],
      "duration": 0,
      "root": true,
      "rootEmpty": true,
      "_timeout": 2000
    }
  ],
  "meta": {
    "mocha": {
      "version": "7.0.1"
    },
    "mochawesome": {
      "options": {
        "quiet": false,
        "reportFilename": "mochawesome",
        "saveHtml": false,
        "saveJson": true,
        "consoleReporter": "spec",
        "useInlineDiffs": false,
        "code": true
      },
      "version": "7.1.3"
    },
    "marge": {
      "options": {
        "charts": true,
        "reportPageTitle": "Cypress-Learn-Mochawesome-Report",
        "reportsDir": "cypress/reports/",
        "embeddedScreenshots": true,
        "inlineAssets": true,
        "saveAllAttempts": false,
        "overwrite": false,
        "html": false,
        "json": true,
        "reportDir": "cypress\\reports\\html\\.jsons"
      },
      "version": "6.2.0"
    }
  }
}