{
  "stats": {
    "suites": 1,
    "tests": 1,
    "passes": 1,
    "pending": 0,
    "failures": 0,
    "start": "2024-07-13T07:44:16.972Z",
    "end": "2024-07-13T07:44:23.037Z",
    "duration": 6065,
    "testsRegistered": 1,
    "passPercent": 100,
    "pendingPercent": 0,
    "other": 0,
    "hasOther": false,
    "skipped": 0,
    "hasSkipped": false
  },
  "results": [
    {
      "uuid": "d9cf3502-3c7a-44a5-ba4f-a81744390916",
      "title": "",
      "fullFile": "cypress\\e2e\\feature1.cy.js",
      "file": "cypress\\e2e\\feature1.cy.js",
      "beforeHooks": [],
      "afterHooks": [],
      "tests": [],
      "suites": [
        {
          "uuid": "3a17b65e-738c-48c0-bb3f-91db70e7c6dc",
          "title": "feature-1 testing",
          "fullFile": "",
          "file": "",
          "beforeHooks": [],
          "afterHooks": [],
          "tests": [
            {
              "title": "TestCase-1 for feature-1",
              "fullTitle": "feature-1 testing TestCase-1 for feature-1",
              "timedOut": null,
              "duration": 6002,
              "state": "passed",
              "speed": "medium",
              "pass": true,
              "fail": false,
              "pending": false,
              "context": "{\n  \"title\": \"cypress-mochawesome-reporter-videos-passed\",\n  \"value\": \"cypress\\\\e2e\\\\feature1.cy.js\"\n}",
              "code": "/* ==== Generated with Cypress Studio ==== */\ncy.visit('/');\ncy.get('[data-test=\"username\"]').type('standard_user');\ncy.get('[data-test=\"password\"]').type('secret_sauce');\ncy.get('[data-test=\"login-button\"]').should('be.visible');\ncy.get('[data-test=\"login-button\"]').click();\n//cy.get('.app_logo').should('be.visible').debug();\ncy.get('.app_logo').should('be.visible');\ncy.get('[data-test=\"secondary-header\"]').click();\ncy.get('[data-test=\"title\"]').should('be.visible');\ncy.get('#react-burger-menu-btn').should('be.visible');\ncy.get('#react-burger-menu-btn').click();\ncy.get('[data-test=\"inventory-sidebar-link\"]').should('have.text', 'All Items');\ncy.get('[data-test=\"about-sidebar-link\"]').should('have.text', 'About');\ncy.get('[data-test=\"logout-sidebar-link\"]').should('have.text', 'Logout');\ncy.get('[data-test=\"reset-sidebar-link\"]').should('have.text', 'Reset App State');\ncy.get('#react-burger-cross-btn').click();\ncy.get('[data-test=\"social-twitter\"]').should('be.visible');\ncy.get('[data-test=\"social-facebook\"]').should('be.visible');\ncy.get('[data-test=\"social-linkedin\"]').should('be.visible');\n/* ==== End Cypress Studio ==== */",
              "err": {},
              "uuid": "4e8b7dd8-d255-4b36-a19e-c30ccf4b5684",
              "parentUUID": "3a17b65e-738c-48c0-bb3f-91db70e7c6dc",
              "isHook": false,
              "skipped": false
            }
          ],
          "suites": [],
          "passes": [
            "4e8b7dd8-d255-4b36-a19e-c30ccf4b5684"
          ],
          "failures": [],
          "pending": [],
          "skipped": [],
          "duration": 6002,
          "root": false,
          "rootEmpty": false,
          "_timeout": 2000
        }
      ],
      "passes": [],
      "failures": [],
      "pending": [],
      "skipped": [],
      "duration": 0,
      "root": true,
      "rootEmpty": true,
      "_timeout": 2000
    }
  ],
  "meta": {
    "mocha": {
      "version": "7.0.1"
    },
    "mochawesome": {
      "options": {
        "quiet": false,
        "reportFilename": "mochawesome",
        "saveHtml": false,
        "saveJson": true,
        "consoleReporter": "spec",
        "useInlineDiffs": false,
        "code": true
      },
      "version": "7.1.3"
    },
    "marge": {
      "options": {
        "id": "default",
        "reportDir": "cypress/reports/",
        "quite": true,
        "overwrite": false,
        "html": false,
        "json": true
      },
      "version": "6.2.0"
    }
  }
}