{
  "stats": {
    "suites": 1,
    "tests": 2,
    "passes": 2,
    "pending": 0,
    "failures": 0,
    "start": "2024-07-13T07:40:30.293Z",
    "end": "2024-07-13T07:40:33.342Z",
    "duration": 3049,
    "testsRegistered": 2,
    "passPercent": 100,
    "pendingPercent": 0,
    "other": 0,
    "hasOther": false,
    "skipped": 0,
    "hasSkipped": false
  },
  "results": [
    {
      "uuid": "4e42ffd3-de19-407b-b308-123627184e3a",
      "title": "",
      "fullFile": "cypress\\e2e\\loginPage.cy.js",
      "file": "cypress\\e2e\\loginPage.cy.js",
      "beforeHooks": [],
      "afterHooks": [],
      "tests": [],
      "suites": [
        {
          "uuid": "2e640235-2391-4751-a46f-aba5b5e24064",
          "title": "Automation demo",
          "fullFile": "",
          "file": "",
          "beforeHooks": [],
          "afterHooks": [],
          "tests": [
            {
              "title": "Login test scenario",
              "fullTitle": "Automation demo Login test scenario",
              "timedOut": null,
              "duration": 1685,
              "state": "passed",
              "speed": "fast",
              "pass": true,
              "fail": false,
              "pending": false,
              "context": "{\n  \"title\": \"cypress-mochawesome-reporter-videos-passed\",\n  \"value\": \"cypress\\\\e2e\\\\loginPage.cy.js\"\n}",
              "code": "cy.visit(\"https://www.saucedemo.com/\");",
              "err": {},
              "uuid": "7dac4a94-7158-4fea-bbb6-82f079291adc",
              "parentUUID": "2e640235-2391-4751-a46f-aba5b5e24064",
              "isHook": false,
              "skipped": false
            },
            {
              "title": "validate features",
              "fullTitle": "Automation demo validate features",
              "timedOut": null,
              "duration": 1217,
              "state": "passed",
              "speed": "fast",
              "pass": true,
              "fail": false,
              "pending": false,
              "context": "{\n  \"title\": \"cypress-mochawesome-reporter-videos-passed\",\n  \"value\": \"cypress\\\\e2e\\\\loginPage.cy.js\"\n}",
              "code": "cy.get(\"div[class='login_logo']\").should('have.text', 'Swag Labs');\n/* ==== Generated with Cypress Studio ==== */\ncy.get('[data-test=\"username\"]').clear('s');\ncy.get('[data-test=\"username\"]').type('standard_user');\ncy.get('[data-test=\"username\"]').should('have.value', 'standard_user');\ncy.get('[data-test=\"password\"]').clear('s');\ncy.get('[data-test=\"password\"]').type('secret_sauce');\ncy.get('[data-test=\"password\"]').should('have.value', 'secret_sauce');\ncy.get('[data-test=\"login-button\"]').should('be.visible');\ncy.get('[data-test=\"login-credentials\"] > h4').should('have.text', 'Accepted usernames are:');\ncy.get('[data-test=\"login-password\"] > h4').should('have.text', 'Password for all users:');\ncy.get('[data-test=\"login-button\"]').click();\n/* ==== End Cypress Studio ==== */",
              "err": {},
              "uuid": "5c16da9e-75e5-445d-a716-9b4c8a485ea0",
              "parentUUID": "2e640235-2391-4751-a46f-aba5b5e24064",
              "isHook": false,
              "skipped": false
            }
          ],
          "suites": [],
          "passes": [
            "7dac4a94-7158-4fea-bbb6-82f079291adc",
            "5c16da9e-75e5-445d-a716-9b4c8a485ea0"
          ],
          "failures": [],
          "pending": [],
          "skipped": [],
          "duration": 2902,
          "root": false,
          "rootEmpty": false,
          "_timeout": 2000
        }
      ],
      "passes": [],
      "failures": [],
      "pending": [],
      "skipped": [],
      "duration": 0,
      "root": true,
      "rootEmpty": true,
      "_timeout": 2000
    }
  ],
  "meta": {
    "mocha": {
      "version": "7.0.1"
    },
    "mochawesome": {
      "options": {
        "quiet": false,
        "reportFilename": "mochawesome",
        "saveHtml": false,
        "saveJson": true,
        "consoleReporter": "spec",
        "useInlineDiffs": false,
        "code": true
      },
      "version": "7.1.3"
    },
    "marge": {
      "options": {
        "id": "default",
        "reportDir": "cypress/reports/",
        "quite": true,
        "overwrite": false,
        "html": false,
        "json": true
      },
      "version": "6.2.0"
    }
  }
}