{
  "stats": {
    "suites": 1,
    "tests": 2,
    "passes": 2,
    "pending": 0,
    "failures": 0,
    "start": "2024-07-13T07:36:05.667Z",
    "end": "2024-07-13T07:36:08.522Z",
    "duration": 2855,
    "testsRegistered": 2,
    "passPercent": 100,
    "pendingPercent": 0,
    "other": 0,
    "hasOther": false,
    "skipped": 0,
    "hasSkipped": false
  },
  "results": [
    {
      "uuid": "b1843cb1-7e34-4326-bb15-74db9f2ee76f",
      "title": "",
      "fullFile": "cypress\\e2e\\loginPage.cy.js",
      "file": "cypress\\e2e\\loginPage.cy.js",
      "beforeHooks": [],
      "afterHooks": [],
      "tests": [],
      "suites": [
        {
          "uuid": "1f193126-45a3-45d9-93c3-968066f6aee6",
          "title": "Automation demo",
          "fullFile": "",
          "file": "",
          "beforeHooks": [],
          "afterHooks": [],
          "tests": [
            {
              "title": "Login test scenario",
              "fullTitle": "Automation demo Login test scenario",
              "timedOut": null,
              "duration": 1589,
              "state": "passed",
              "speed": "fast",
              "pass": true,
              "fail": false,
              "pending": false,
              "context": "{\n  \"title\": \"cypress-mochawesome-reporter-videos-passed\",\n  \"value\": \"cypress\\\\e2e\\\\loginPage.cy.js\"\n}",
              "code": "cy.visit(\"https://www.saucedemo.com/\");",
              "err": {},
              "uuid": "c7688b8e-50a6-4f16-90a2-0135eea5e766",
              "parentUUID": "1f193126-45a3-45d9-93c3-968066f6aee6",
              "isHook": false,
              "skipped": false
            },
            {
              "title": "validate features",
              "fullTitle": "Automation demo validate features",
              "timedOut": null,
              "duration": 1130,
              "state": "passed",
              "speed": "fast",
              "pass": true,
              "fail": false,
              "pending": false,
              "context": "{\n  \"title\": \"cypress-mochawesome-reporter-videos-passed\",\n  \"value\": \"cypress\\\\e2e\\\\loginPage.cy.js\"\n}",
              "code": "cy.get(\"div[class='login_logo']\").should('have.text', 'Swag Labs');\n/* ==== Generated with Cypress Studio ==== */\ncy.get('[data-test=\"username\"]').clear('s');\ncy.get('[data-test=\"username\"]').type('standard_user');\ncy.get('[data-test=\"username\"]').should('have.value', 'standard_user');\ncy.get('[data-test=\"password\"]').clear('s');\ncy.get('[data-test=\"password\"]').type('secret_sauce');\ncy.get('[data-test=\"password\"]').should('have.value', 'secret_sauce');\ncy.get('[data-test=\"login-button\"]').should('be.visible');\ncy.get('[data-test=\"login-credentials\"] > h4').should('have.text', 'Accepted usernames are:');\ncy.get('[data-test=\"login-password\"] > h4').should('have.text', 'Password for all users:');\ncy.get('[data-test=\"login-button\"]').click();\n/* ==== End Cypress Studio ==== */",
              "err": {},
              "uuid": "5d2c25e4-efbf-4439-9980-278bb18a3896",
              "parentUUID": "1f193126-45a3-45d9-93c3-968066f6aee6",
              "isHook": false,
              "skipped": false
            }
          ],
          "suites": [],
          "passes": [
            "c7688b8e-50a6-4f16-90a2-0135eea5e766",
            "5d2c25e4-efbf-4439-9980-278bb18a3896"
          ],
          "failures": [],
          "pending": [],
          "skipped": [],
          "duration": 2719,
          "root": false,
          "rootEmpty": false,
          "_timeout": 2000
        }
      ],
      "passes": [],
      "failures": [],
      "pending": [],
      "skipped": [],
      "duration": 0,
      "root": true,
      "rootEmpty": true,
      "_timeout": 2000
    }
  ],
  "meta": {
    "mocha": {
      "version": "7.0.1"
    },
    "mochawesome": {
      "options": {
        "quiet": false,
        "reportFilename": "mochawesome",
        "saveHtml": true,
        "saveJson": true,
        "consoleReporter": "spec",
        "useInlineDiffs": false,
        "code": true
      },
      "version": "7.1.3"
    },
    "marge": {
      "options": {
        "charts": true,
        "reportPageTitle": "Cypress-Learn-Mochawesome-Report",
        "reportsDir": "cypress/reports/",
        "embeddedScreenshots": true,
        "inlineAssets": true,
        "saveAllAttempts": false
      },
      "version": "6.2.0"
    }
  }
}